1720537026766	geckodriver	INFO	Listening on 127.0.0.1:54656
1720537029849	mozrunner::runner	INFO	Running command: "C:\\Program Files\\Mozilla Firefox\\firefox.exe" "--marionette" "--proxy-server=43.159.29.162:29444\r" "use ... 4657" "--remote-allow-hosts" "localhost" "-no-remote" "-profile" "C:\\Users\\ha\\AppData\\Local\\Temp\\rust_mozprofileDSm7Nz"
*** You are running in headless mode.
console.warn: services.settings: Ignoring preference override of remote settings server
console.warn: services.settings: Allow by setting MOZ_REMOTE_SETTINGS_DEVTOOLS=1 in the environment
Dynamically enable window occlusion 0
1720537030500	Marionette	INFO	Marionette enabled
console.error: "Warning: unrecognized command line flag" "-proxy-server"
console.error: "Warning: unrecognized command line flag" "-window-size"
console.error: "Warning: unrecognized command line flag" "-no-sandbox"
console.error: "Warning: unrecognized command line flag" "-display"
console.error: "Warning: unrecognized command line flag" "-log-level"
1720537030641	Marionette	INFO	Listening on port 54725
WebDriver BiDi listening on ws://127.0.0.1:54657
Read port: 54725
1720537030844	RemoteAgent	WARN	TLS certificate errors will be ignored for this session
[GFX1-]: RenderCompositorSWGL failed mapping default framebuffer, no dt
console.error: ({})
DevTools listening on ws://127.0.0.1:54657/devtools/browser/c9241ddc-c4c6-4d93-9d2b-d07e8968e90a
JavaScript warning: https://snap-api.arkoselabs.com/v2/2.6.1/enforcement.bf6c920f19fb49ce16c82aaef4b83f45.js, line 1: WEBGL_debug_renderer_info is deprecated in Firefox and will be removed. Please use RENDERER.
JavaScript warning: https://accounts.snapchat.com/accounts/static/scripts/signup.js?v=49718419a3cec1c3e590a84de4c4a5254769aae549b8c64fac706757558df7b2master617011, line 2342: WEBGL_debug_renderer_info is deprecated in Firefox and will be removed. Please use RENDERER.
1720537060513	addons.xpi	ERROR	System addon update list error SyntaxError: XMLHttpRequest.open: 'http://%(server)s/dummy-system-addons.xml' is not a valid URL.
JavaScript warning: https://snap-api.arkoselabs.com/v2/2.6.1/enforcement.bf6c920f19fb49ce16c82aaef4b83f45.js, line 1: WEBGL_debug_renderer_info is deprecated in Firefox and will be removed. Please use RENDERER.
JavaScript warning: https://accounts.snapchat.com/accounts/static/scripts/signup.js?v=49718419a3cec1c3e590a84de4c4a5254769aae549b8c64fac706757558df7b2master617011, line 2342: WEBGL_debug_renderer_info is deprecated in Firefox and will be removed. Please use RENDERER.
JavaScript warning: https://snap-api.arkoselabs.com/v2/2.6.1/enforcement.bf6c920f19fb49ce16c82aaef4b83f45.js, line 1: WEBGL_debug_renderer_info is deprecated in Firefox and will be removed. Please use RENDERER.
1720537094858	Marionette	INFO	Stopped listening on port 54725
Dynamically enable window occlusion 1
"
console.error: "Warning: unrecognized command line flag" "-log-level"
1720537043676	Marionette	INFO	Listening on port 54948
WebDriver BiDi listening on ws://127.0.0.1:54894
Read port: 54948
1720537043847	RemoteAgent	WARN	TLS certificate errors will be ignored for this session
[GFX1-]: RenderCompositorSWGL failed mapping default framebuffer, no dt
console.error: ({})
DevTools listening on ws://127.0.0.1:54894/devtools/browser/e26ac0fa-0ebb-404e-9866-d6842766d5c1
JavaScript warning: https://accounts.snapchat.com/accounts/static/scripts/signup.js?v=49718419a3cec1c3e590a84de4c4a5254769aae549b8c64fac706757558df7b2master617011, line 2342: WEBGL_debug_renderer_info is deprecated in Firefox and will be removed. Please use RENDERER.
JavaScript warning: https://snap-api.arkoselabs.com/v2/2.6.1/enforcement.bf6c920f19fb49ce16c82aaef4b83f45.js, line 1: WEBGL_debug_renderer_info is deprecated in Firefox and will be removed. Please use RENDERER.
1720537073583	addons.xpi	ERROR	System addon update list error SyntaxError: XMLHttpRequest.open: 'http://%(server)s/dummy-system-addons.xml' is not a valid URL.
JavaScript warning: https://snap-api.arkoselabs.com/v2/2.6.1/enforcement.bf6c920f19fb49ce16c82aaef4b83f45.js, line 1: WEBGL_debug_renderer_info is deprecated in Firefox and will be removed. Please use RENDERER.
JavaScript warning: https://accounts.snapchat.com/accounts/static/scripts/signup.js?v=49718419a3cec1c3e590a84de4c4a5254769aae549b8c64fac706757558df7b2master617011, line 2342: WEBGL_debug_renderer_info is deprecated in Firefox and will be removed. Please use RENDERER.
JavaScript warning: https://snap-api.arkoselabs.com/v2/2.6.1/enforcement.bf6c920f19fb49ce16c82aaef4b83f45.js, line 1: WEBGL_debug_renderer_info is deprecated in Firefox and will be removed. Please use RENDERER.
1720537103315	Marionette	INFO	Stopped listening on port 54948
Dynamically enable window occlusion 1
*** UTM:SVC TimerManager:registerTimer called after profile-before-change notification. Ignoring timer registration for id: telemetry_modules_ping
*** UTM:SVC TimerManager:registerTimer called after profile-before-change notification. Ignoring timer registration for id: telemetry_untrustedmodules_ping
itorSWGL failed mapping default framebuffer, no dt
console.error: ({})
DevTools listening on ws://127.0.0.1:55126/devtools/browser/053fa449-3e57-4ea1-b001-7a7530963c5d
JavaScript warning: https://snap-api.arkoselabs.com/v2/2.6.1/enforcement.bf6c920f19fb49ce16c82aaef4b83f45.js, line 1: WEBGL_debug_renderer_info is deprecated in Firefox and will be removed. Please use RENDERER.
JavaScript warning: https://accounts.snapchat.com/accounts/static/scripts/signup.js?v=49718419a3cec1c3e590a84de4c4a5254769aae549b8c64fac706757558df7b2master617011, line 2342: WEBGL_debug_renderer_info is deprecated in Firefox and will be removed. Please use RENDERER.
1720537088118	addons.xpi	ERROR	System addon update list error SyntaxError: XMLHttpRequest.open: 'http://%(server)s/dummy-system-addons.xml' is not a valid URL.
1720537119266	Marionette	INFO	Stopped listening on port 55181
Dynamically enable window occlusion 1
ost" "-no-remote" "-profile" "C:\\Users\\ha\\AppData\\Local\\Temp\\rust_mozprofilewCtxiI"
*** You are running in headless mode.
console.warn: services.settings: Ignoring preference override of remote settings server
console.warn: services.settings: Allow by setting MOZ_REMOTE_SETTINGS_DEVTOOLS=1 in the environment
Dynamically enable window occlusion 0
1720537078384	Marionette	INFO	Marionette enabled
console.error: "Warning: unrecognized command line flag" "-proxy-server"
console.error: "Warning: unrecognized command line flag" "-window-size"
console.error: "Warning: unrecognized command line flag" "-no-sandbox"
console.error: "Warning: unrecognized command line flag" "-display"
console.error: "Warning: unrecognized command line flag" "-log-level"
1720537078511	Marionette	INFO	Listening on port 55494
WebDriver BiDi listening on ws://127.0.0.1:55440
Read port: 55494
1720537078728	RemoteAgent	WARN	TLS certificate errors will be ignored for this session
[GFX1-]: RenderCompositorSWGL failed mapping default framebuffer, no dt
console.error: ({})
DevTools listening on ws://127.0.0.1:55440/devtools/browser/205cddc3-f7fe-4e67-9046-964eed98ed90
JavaScript warning: https://snap-api.arkoselabs.com/v2/2.6.1/enforcement.bf6c920f19fb49ce16c82aaef4b83f45.js, line 1: WEBGL_debug_renderer_info is deprecated in Firefox and will be removed. Please use RENDERER.
JavaScript warning: https://accounts.snapchat.com/accounts/static/scripts/signup.js?v=49718419a3cec1c3e590a84de4c4a5254769aae549b8c64fac706757558df7b2master617011, line 2342: WEBGL_debug_renderer_info is deprecated in Firefox and will be removed. Please use RENDERER.
1720537108403	addons.xpi	ERROR	System addon update list error SyntaxError: XMLHttpRequest.open: 'http://%(server)s/dummy-system-addons.xml' is not a valid URL.
1720537140727	Marionette	INFO	Stopped listening on port 55494
Dynamically enable window occlusion 1
ng command: "C:\\Program Files\\Mozilla Firefox\\firefox.exe" "--marionette" "--proxy-server=124.243.131.113:28528\r" "u ... 6235" "--remote-allow-hosts" "localhost" "-no-remote" "-profile" "C:\\Users\\ha\\AppData\\Local\\Temp\\rust_mozprofileplhfMR"
*** You are running in headless mode.
1720537134966	geckodriver	INFO	Listening on 127.0.0.1:56282
1720537138003	mozrunner::runner	INFO	Running command: "C:\\Program Files\\Mozilla Firefox\\firefox.exe" "--marionette" "--proxy-server=111.119.231.48:36621\r" "us ... 6283" "--remote-allow-hosts" "localhost" "-no-remote" "-profile" "C:\\Users\\ha\\AppData\\Local\\Temp\\rust_mozprofilePzASqS"
*** You are running in headless mode.
console.warn: services.settings: Ignoring preference override of remote settings server
console.warn: services.settings: Allow by setting MOZ_REMOTE_SETTINGS_DEVTOOLS=1 in the environment
Dynamically enable window occlusion 0
1720537138411	Marionette	INFO	Marionette enabled
console.error: "Warning: unrecognized command line flag" "-proxy-server"
console.error: "Warning: unrecognized command line flag" "-window-size"
console.error: "Warning: unrecognized command line flag" "-no-sandbox"
console.error: "Warning: unrecognized command line flag" "-display"
console.error: "Warning: unrecognized command line flag" "-log-level"
1720537138JavaScript warning: https://snap-api.arkoselabs.com/v2/2.6.1/enforcement.bf6c920f19fb49ce16c82aaef4b83f45.js, line 1: WEBGL_debug_renderer_info is deprecated in Firefox and will be removed. Please use RENDERER.
JavaScript warning: https://accounts.snapchat.co1720537142879	mozrunner::runner	INFO	Running command: "C:\\Program Files\\Mozilla Firefox\\firefox.exe" "--marionette" "--proxy-servJavaScript warning: https://snap-api.arkoselabs.com/v2/2.6.1/enforcement.bf6c920f19fb49ce1720537164875	addons.xpi	ERROR	System addon update list error SyntaxError: XMLHttpRequest.open: 'http://%(server)s/dummy-system-addons.xml' is not a valid URL.
1720537201889	Marionette	INFO	Stopped listening on port 56290
Dynamically enable window occlusion 1
57558df7b2master617011, line 2342: WEBGL_debug_renderer_info is deprecated in Firefox and will be removed. Please use RENDERER.
1720537168430	addons.xpi	ERROR	System addon update list error SyntaxError: XMLHttpRequest.open: 'http://%(server)s/dummy-system-addons.xml' is not a valid URL.
1720537208518	Marionette	INFO	Stopped listening on port 56358
Dynamically enable window occlusion 1
line flag" "-display"
console.error: "Warning: unrecognized command line flag" "-log-level"
1720537144156	Marionette	INFO	Listening on port 56489
WebDriver BiDi listening on ws://127.0.0.1:56371
Read port: 56489
1720537144894	RemoteAgent	WARN	TLS certificate errors will be ignored for this session
[GFX1-]: RenderCompositorSWGL failed mapping default framebuffer, no dt
console.error: ({})
DevTools listening on ws://127.0.0.1:56371/devtools/browser/4903e9b4-723e-4b2b-bf65-6be3832929f3
JavaScript warning: https://snap-api.arkoselabs.com/v2/2.6.1/enforcement.bf6c920f19fb49ce16c82aaef4b83f45.js, line 1: WEBGL_debug_renderer_info is deprecated in Firefox and will be removed. Please use RENDERER.
JavaScript warning: https://accounts.snapchat.com/accounts/static/scripts/signup.js?v=49718419a3cec1c3e590a84de4c4a5254769aae549b8c64fac706757558df7b2master617011, line 2342: WEBGL_debug_renderer_info is deprecated in Firefox and will be removed. Please use RENDERER.
1720537173918	addons.xpi	ERROR	System addon update list error SyntaxError: XMLHttpRequest.open: 'http://%(server)s/dummy-system-addons.xml' is not a valid URL.
1720537211956	Marionette	INFO	Stopped listening on port 56489
Dynamically enable window occlusion 1
ost" "-no-remote" "-profile" "C:\\Users\\ha\\AppData\\Local\\Temp\\rust_mozprofileOWKBMN"
*** You are running in headless mode.
console.warn: services.settings: Ignoring preference override of remote settings server
console.warn: services.settings: Allow by setting MOZ_REMOTE_SETTINGS_DEVTOOLS=1 in the environment
Dynamically enable window occlusion 0
1720537162905	Marionette	INFO	Marionette enabled
console.error: "Warning: unrecognized command line flag" "-proxy-server"
console.error: "Warning: unrecognized command line flag" "-window-size"
console.error: "Warning: unrecognized command line flag" "-no-sandbox"
console.error: "Warning: unrecognized command line flag" "-display"
console.error: "Warning: unrecognized command line flag" "-log-level"
1720537163008	Marionette	INFO	Listening on port 56809
WebDriver BiDi listening on ws://127.0.0.1:56756
Read port: 56809
1720537163212	RemoteAgent	WARN	TLS certificate errors will be ignored for this session
[GFX1-]: RenderCompositorSWGL failed mapping default framebuffer, no dt
console.error: ({})
DevTools listening on ws://127.0.0.1:56756/devtools/browser/cee7b142-a367-4127-a798-67e601646777
JavaScript warning: https://snap-api.arkoselabs.com/v2/2.6.1/enforcement.bf6c920f19fb49ce16c82aaef4b83f45.js, line 1: WEBGL_debug_renderer_info is deprecated in Firefox and will be removed. Please use RENDERER.
JavaScript warning: https://accounts.snapchat.com/accounts/static/scripts/signup.js?v=49718419a3cec1c3e590a84de4c4a5254769aae549b8c64fac706757558df7b2master617011, line 2342: WEBGL_debug_renderer_info is deprecated in Firefox and will be removed. Please use RENDERER.
1720537192915	addons.xpi	ERROR	System addon update list error SyntaxError: XMLHttpRequest.open: 'http://%(server)s/dummy-system-addons.xml' is not a valid URL.
1720537229571	Marionette	INFO	Stopped listening on port 56809
Dynamically enable window occlusion 1
ng command: "C:\\Program Files\\Mozilla Firefox\\firefox.exe" "--marionette" "--proxy-server=111.119.231.48:39510\r" "us ... 7533" "--remote-allow-hosts" "localhost" "-no-remote" "-profile" "C:\\Users\\ha\\AppData\\Local\\Temp\\rust_mozprofileo9TzCx"
*** You are running in headless mode.
console.warn: services.settings: Ignoring preference override of remote settings server
console.warn: services.settings: Allow by setting MOZ_REMOTE_SETTINGS_DEVTOOLS=1 in the environment
Dynamically enable window occlusion 0
1720537221053	Marionette	INFO	Marionette enabled
console.error: "Warning: unrecognized command line flag" "-proxy-server"
console.error: "Warning: unrecognized command line flag" "-window-size"
console.error: "Warning: unrecognized command line flag" "-no-sandbox"
console.error: "Warning: unrecognized command line flag" "-display"
console.error: "Warning: unrecognized command line flag" "-log-level"
1720537221178	Marionette	INFO	Listening on port 57586
WebDriver BiDi listening on ws://127.0.0.1:57533
Read port: 57586
1720537221408	RemoteAgent	WARN	TLS certificate errors will be ignored for this session
[GFX1-]: RenderCompositorSWGL failed mapping default framebuffer, no dt
console.error: ({})
DevTools listening on ws://127.0.0.1:57533/devtools/browser/713cd799-0838-4cd1-bfb8-8b63d5cf6018
JavaScript warning: https://snap-api.arkoselabs.com/v2/2.6.11720537227516	mozrunner::runner	INFO	Running command: "C:\\Program Files\\Mozilla Firefox\\firefox.exe" "--marionette" "--proxy-server=119.8.212.30:3128JavaScript warning: https://accounts.snapchat.com/accounts/static/scripts/signup.js?v=49718419a3cec1c3e590a84de4c4a5254769aae549b8c64fac706751720537228437	geckodriver	INFO	Listening on 127.0.0.1:57717
1720537231476	mozrunner::runner	INFO	Running command: "C:\\Program F1720537251067	addons.xpi	ERROR	System addon update list error SyntaxError: XMLHttpRequest.open: 'http://%(server)s/dummy-system-addons.xml' is not a valid URL.
1720537287186	Marionette	INFO	Stopped listening on port 57586
Dynamically enable window occlusion 1

console.warn: services.settings: Ignoring preference override of remote settings server
console.warn: services.settings: Allow by setting MOZ_REMOTE_SETTINGS_DEVTOOLS=1 in the environment
Dynamically enable window occlusion 0
1720537232178	Marionette	INFO	Marionette enabled
console.error: "Warning: unrecognized command line flag" "-proxy-server"
console.error: "Warning: unrecognized command line flag" "-window-size"
console.error: "Warning: unrecognized command line flag" "-no-sandbox"
console.error: "Warning: unrecognized command line flag" "-display"
console.error: "Warning: unrecognized command line flag" "-log-level"
1720537232317	Marionette	INFO	Listening on port 5JavaScript warning: https://snap-api.arkoselabs.com/v2/2.6.1/enforcement.bf6c920f19fb49ce16c82aaef4b83f45.js, line 1: WEBGL_debug_renderer_info is deprecated in Firefox and will be removed. Please use RENDERER.
JavaScript warning: https://accounts.snapchat.com/accounts/static/scripts/signup.js?v=49718419a3cec1c3e590a84de4c4a5254769aae549b8c64fac70675JavaScript warning: https://snap-api.arkoselabs.com/v2/2.6.1/enforcement.bf6c920f19fb49ce16c82aaef4b83f45.js, line 1: WEBGL_debu1720537258398	addons.xpi	ERROR	System addon update list error SyntaxError: XMLHttpRequest.open: 'http://%(server)s/dummy-system-addons.xml' is not a valid URL.
1720537296613	Marionette	INFO	Stopped listening on port 57732
Dynamically enable window occlusion 1
L_debug_renderer_info is deprecated in Firefox and will be removed. Please use RENDERER.
1720537262192	addons.xpi	ERROR	System addon update list error SyntaxError: XMLHttpRequest.open: 'http://%(server)s/dummy-system-addons.xml' is not a valid URL.
1720537306796	Marionette	INFO	Stopped listening on port 57803
Dynamically enable window occlusion 1
ost" "-no-remote" "-profile" "C:\\Users\\ha\\AppData\\Local\\Temp\\rust_mozprofile2oNoXZ"
*** You are running in headless mode.
console.warn: services.settings: Ignoring preference override of remote settings server
console.warn: services.settings: Allow by setting MOZ_REMOTE_SETTINGS_DEVTOOLS=1 in the environment
Dynamically enable window occlusion 0
1720537251028	Marionette	INFO	Marionette enabled
console.error: "Warning: unrecognized command line flag" "-proxy-server"
console.error: "Warning: unrecognized command line flag" "-window-size"
console.error: "Warning: unrecognized command line flag" "-no-sandbox"
console.error: "Warning: unrecognized command line flag" "-display"
console.error: "Warning: unrecognized command line flag" "-log-level"
1720537251168	Marionette	INFO	Listening on port 58139
WebDriver BiDi listening on ws://127.0.0.1:58083
Read port: 58139
1720537251474	RemoteAgent	WARN	TLS certificate errors will be ignored for this session
[GFX1-]: RenderCompositorSWGL failed mapping default framebuffer, no dt
console.error: ({})
DevTools listening on ws://127.0.0.1:58083/devtools/browser/eb4d9329-90cf-41f0-ae01-ecca0ebb94d3
JavaScript warning: https://accounts.snapchat.com/accounts/static/scripts/signup.js?v=49718419a3cec1c3e590a84de4c4a5254769aae549b8c64fac706757558df7b2master617011, line 2342: WEBGL_debug_renderer_info is deprecated in Firefox and will be removed. Please use RENDERER.
JavaScript warning: https://snap-api.arkoselabs.com/v2/2.6.1/enforcement.bf6c920f19fb49ce16c82aaef4b83f45.js, line 1: WEBGL_debug_renderer_info is deprecated in Firefox and will be removed. Please use RENDERER.
1720537281038	addons.xpi	ERROR	System addon update list error SyntaxError: XMLHttpRequest.open: 'http://%(server)s/dummy-system-addons.xml' is not a valid URL.
1720537319975	Marionette	INFO	Stopped listening on port 58139
Dynamically enable window occlusion 1
ng command: "C:\\Program Files\\Mozilla Firefox\\firefox.exe" "--marionette" "--proxy-server=43.159.29.162:31606\r" "use ... 8835" "--remote-allow-hosts" "localhost" "-no-remote" "-profile" "C:\\Users\\ha\\AppData\\Local\\Temp\\rust_mozprofileus9wpH"
*** You are running in headless mode.
console.warn: services.settings: Ignoring preference override of remote settings server
console.warn: services.settings: Allow by setting MOZ_REMOTE_SETTINGS_DEVTOOLS=1 in the environment
Dynamically enable window occlusion 0
1720537306486	Marionette	INFO	Marionette enabled
console.error: "Warning: unrecognized command line flag" "-proxy-server"
console.error: "Warning: unrecognized command line flag" "-window-size"
console.error: "Warning: unrecognized command line flag" "-no-sandbox"
console.error: "Warning: unrecognized command line flag" "-display"
console.error: "Warning: unrecognized command line flag" "-log-level"
1720537306600	Marionette	INFO	Listening on port 58899
WebDriver BiDi listening on ws://127.0.0.1:58835
Read port: 58899
1720537306852	RemoteAgent	WARN	TLS certificate errors will be ignored for this session
[GFX1-]: RenderCompositorSWGL failed mapping default framebuffer, no dt
console.error: ({})
DevTools listening on ws://127.0.0.1:58835/devtools/browser/becd59a9-23e5-42c2-a963-6527c155d609
JavaScript warning: https://snap-api.arkoselabs.com/v2/2.6.11720537315688	mozrunner::runner	INFO	Running command: "C:\\Program Files\\Mozilla Firefox\\firefox.exe" "--marionette" "--proxy-server=111.119.231.48:39483\r" "us ... 8998" "--remote-allow-hosts" "localhost" "-no-remote" "-profile" "C:\\Users\\ha\\AppData\\Local\\Temp\\rust_mozprofileUZTDJx"
*** You are running in headless mode.
console.warn: services.settings: Ignoring preference override of remote settings server
1720537336520	addons.xpi	ERROR	System addon update list error SyntaxError: XMLHttpRequest.open: 'http://%(server)s/dummy-system-addons.xml' is not a valid URL.
1720537374431	Marionette	INFO	Stopped listening on port 58899
Dynamically enable window occlusion 1

console.error: "Warning: unrecognized command line flag" "-window-size"
console.error: "Warning: unrecognized command line flag" "-no-sandbox"
console.error: "Warning: unrecognized command line flag" "-display"
console.error: "Warning: unrecognized command line flag" "-log-level"
1720537316836	Marionette	INFO	Listening on port 59087
WebDriver BiDi listening on ws://127.0.0.1:58998
Read port: 59087
1720537317154	RemoteAgent	WARN	TLS certificate errors will be ignored for this session
[GFX1-]: RenderCompositorSWGL failed mapping default framebuffer, no dt
console.error: ({})
DevTools listening on ws://127.0.0.1:58998/devtools/browser/44e4af00-ae30-48b1-8a73-ed9afa6d4911
JavaScript warning: https://snap-api.arkoselabs.com/v2/2.6.11720537326964	mozrunner::runner	INFO	Running command: "C:\\Program Files\\Mozilla Firefox\\firefox.exe" "--marionette" "--proxy-server=111.119.231.48:39459\r" "us ... 9194" "--remote-allow-hosts" "localhost" "-no-remote" "-profile" "C:\\Users\\ha\\AppData\\Local\\Temp\\rust_mozprofile7wSjdJ"
*** You are running in headless mode.
console.warn: services.settings: Ignoring preference override of remote settings server
1720537346670	addons.xpi	ERROR	System addon update list error SyntaxError: XMLHttpRequest.open: 'http://%(server)s/dummy-system-addons.xml' is not a valid URL.
1720537382774	Marionette	INFO	Stopped listening on port 59087
Dynamically enable window occlusion 1

console.error: "Warning: unrecognized command line flag" "-window-size"
console.error: "Warning: unrecognized command line flag" "-no-sandbox"
console.error: "Warning: unrecognized command line flag" "-display"
console.error: "Warning: unrecognized command line flag" "-log-level"
1720537328063	Marionette	INFO	Listening on port 59283
WebDriver BiDi listening on ws://127.0.0.1:59194
Read port: 59283
1720537328425	RemoteAgent	WARN	TLS certificate errors will be ignored for this session
[GFX1-]: RenderCompositorSWGL failed mapping default framebuffer, no dt
console.error: ({})
DevTools listening on ws://127.0.0.1:59194/devtools/browser/6df91454-7ca9-4fe3-b200-2683af83df96
JavaScript warning: https://snap-api.arkoselabs.com/v2/2.6.1/enforcement.bf6c920f19fb49ce16c82aaef4b83f45.js, line 1: WEBGL_debug_renderer_info is deprecated in Firefox and will be removed. Please use RENDERER.
JavaScript warning: https://accounts.snapchat.com/accounts/static/scripts/signup.js?v=49718419a3cec1c3e590a84de4c4a5254769aae549b8c64fac706757558df7b2master617011, line 2342: WEBGL_debug_renderer_info is deprecated in Firefox and will be removed. Please use RENDERER.
1720537357871	addons.xpi	ERROR	System addon update list error SyntaxError: XMLHttpRequest.open: 'http://%(server)s/dummy-system-addons.xml' is not a valid URL.
1720537391451	Marionette	INFO	Stopped listening on port 59283
JavaScript warning: https://accounts.snapchat.com/accounts/static/scripts/signup.js?v=49718419a3cec1c3e590a84de4c4a5254769aae549b8c64fac706757558df7b2master617011, line 2342: Script terminated by timeout at:
a@https://accounts.snapchat.com/accounts/static/scripts/signup.js?v=49718419a3cec1c3e590a84de4c4a5254769aae549b8c64fac706757558df7b2master617011:2342:5373862

Dynamically enable window occlusion 1
2	Marionette	INFO	Marionette enabled
console.error: "Warning: unrecognized command line flag" "-proxy-server"
console.error: "Warning: unrecognized command line flag" "-window-size"
console.error: "Warning: unrecognized command line flag" "-no-sandbox"
console.error: "Warning: unrecognized command line flag" "-display"
console.error: "Warning: unrecognized command line flag" "-log-level"
1720537341105	Marionette	INFO	Listening on port 59502
WebDriver BiDi listening on ws://127.0.0.1:59435
Read port: 59502
1720537341363	RemoteAgent	WARN	TLS certificate errors will be ignored for this session
[GFX1-]: RenderCompositorSWGL failed mapping default framebuffer, no dt
console.error: ({})
DevTools listening on ws://127.0.0.1:59435/devtools/browser/df4d37b9-2f84-4a62-9828-b907a9ae9c12
JavaScript warning: https://snap-api.arkoselabs.com/v2/2.6.1/enforcement.bf6c920f19fb49ce16c82aaef4b83f45.js, line 1: WEBGL_debug_renderer_info is deprecated in Firefox and will be removed. Please use RENDERER.
JavaScript warning: https://accounts.snapchat.com/accounts/static/scripts/signup.js?v=49718419a3cec1c3e590a84de4c4a5254769aae549b8c64fac706757558df7b2master617011, line 2342: WEBGL_debug_renderer_info is deprecated in Firefox and will be removed. Please use RENDERER.
1720537370994	addons.xpi	ERROR	System addon update list error SyntaxError: XMLHttpRequest.open: 'http://%(server)s/dummy-system-addons.xml' is not a valid URL.
1720537402033	Marionette	INFO	Stopped listening on port 59502
Dynamically enable window occlusion 1
ng command: "C:\\Program Files\\Mozilla Firefox\\firefox.exe" "--marionette" "--proxy-server=119.8.212.30:31641\r" "user ... 0181" "--remote-allow-hosts" "localhost" "-no-remote" "-profile" "C:\\Users\\ha\\AppData\\Local\\Temp\\rust_mozprofilel6PBNI"
*** You are running in headless mode.
console.warn: services.settings: Ignoring preference override of remote settings server
console.warn: services.settings: Allow by setting MOZ_REMOTE_SETTINGS_DEVTOOLS=1 in the environment
Dynamically enable window occlusion 0
1720537393934	Marionette	INFO	Marionette enabled
console.error: "Warning: unrecognized command line flag" "-proxy-server"
console.error: "Warning: unrecognized command line flag" "-window-size"
console.error: "Warning: unrecognized command line flag" "-no-sandbox"
console.error: "Warning: unrecognized command line flag" "-display"
console.error: "Warning: unrecognized command line flag" "-log-level"
1720537394033	Marionette	INFO	Listening on port 60235
WebDriver BiDi listening on ws://127.0.0.1:60181
Read port: 60235
1720537394234	RemoteAgent	WARN	TLS certificate errors will be ignored for this session
[GFX1-]: RenderCompositorSWGL failed mapping default framebuffer, no dt
console.error: ({})
DevTools listening on ws://127.0.0.1:60181/devtools/browser/8e780c33-8438-47eb-816c-a5012f764482
JavaScript warning: https://snap-api.arkoselabs.com/v2/2.6.1/enforcement.bf6c920f19fb49ce16c82aaef4b83f45.js, line 1: WEBGL_debug_renderer_info is deprecated in Firefox and will be removed. Please use RENDERER.
JavaScript warning: https://accounts.snapchat.com/accounts/static/scripts/signup.js?v=49718419a3cec1c3e590a84de4c4a5254769aae549b8c64fac706757558df7b2master617011, line 2342: WEBGL_debug_renderer_info is deprecated in Firefox and will be removed. Please use RENDERER.
1720537423961	addons.xpi	ERROR	System addon update list error SyntaxError: XMLHttpRequest.open: 'http://%(server)s/dummy-system-addons.xml' is not a valid URL.
1720537458120	Marionette	INFO	Stopped listening on port 60235
Dynamically enable window occlusion 1
2.30:34002\r" "user ... 0468" "--remote-allow-hosts" "localhost" "-no-remote" "-profile" "C:\\Users\\ha\\AppData\\Local\\Temp\\rust_mozprofile69HYHt"
*** You are running in headless mode.
console.warn: services.settings: Ignoring preference override of remote settings server
console.warn: services.settings: Allow by setting MOZ_REMOTE_SETTINGS_DEVTOOLS=1 in the environment
Dynamically enable window occlusion 0
1720537411535	Marionette	INFO	Marionette enabled
console.error: "Warning: unrecognized command line flag" "-proxy-server"
console.error: "Warning: unrecognized command line flag" "-window-size"
console.error: "Warning: unrecognized command line flag" "-no-sandbox"
console.error: "Warning: unrecognized command line flag" "-display"
console.error: "Warning: unrecognized command line flag" "-log-level"
1720537411804	Marionette	INFO	Listening on port 60546
WebDriver BiDi listening on ws://127.0.0.1:60468
Read port: 60546
1720537412221	RemoteAgent	WARN	TLS certificate errors will be ignored for this session
[GFX1-]: RenderCompositorSWGL failed mapping default framebuffer, no dt
console.error: ({})
DevTools listening on ws://127.0.0.1:6JavaScript warning: https://snap-api.arkoselabs.com/v2/2.6.11720537421472	geckodriver	INFO	Listening on 127.0.0.1:60694
1720537424486	mozrunner::runner	INFO	Running command: "C:\\Program Files\\Mozilla Firefox\\firefox.exe" "--marionette" "--proxy-server=124.243.131.113:32056\r" "u ... 0695" "--remote-allow-hosts" "localhost" "-no-remote" "-profile" "C:\\Users\\ha\\AppData\\Local\\Temp\\rust_mozprofileOijhHv"
*** You are running in headless mode.
console.warn: services.settin1720537440125	addons.xpi	ERROR	System addon update list erro1720537441535	addons.xpi	ERROR	System addon update list error SyntaxError: XMLHttpRequest.open: 'http1720537478062	Marionette	INFO	Stopped listening on port 60511720537479103	Marionette	INFO	Stopped listening on port 60546
Dynamically enable window occlusion 1

console.error: "Warning: unrecognized command line flag" "-window-size"
console.error: "Warning: unrecognized command line flag" "-no-sandbox"
console.error: "Warning: unrecognized command line flag" "-display"
console.error: "Warning: unrecognized command line flag" "-log-level"
1720537425074	Marionette	INFO	Listening on port 60816
WebDriver BiDi listening on ws://127.0.0.1:60695
Read port: 60816
1720537425364	RemoteAgent	WARN	TLS certificate errors will be ignored for this session
[GFX1-]: RenderCompositorSWGL failed mapping default framebuffer, no dt
console.error: ({})
DevTools listening on ws://127.0.0.1:60695/devtools/browser/f0a6ca77-cac2-41b7-b99d-825aa6caf14f
JavaScript warning: https://snap-api.arkoselabs.com/v2/2.6.1/enforcement.bf6c920f19fb49ce16c82aaef4b83f45.js, line 1: WEBGL_debug_renderer_info is deprecated in Firefox and will be removed. Please use RENDERER.
JavaScript warning: https://accounts.snapchat.com/accounts/static/scripts/signup.js?v=49718419a3cec1c3e590a84de4c4a5254769aae549b8c64fac706757558df7b2master617011, line 2342: WEBGL_debug_renderer_info is deprecated in Firefox and will be removed. Please use RENDERER.
1720537454970	addons.xpi	ERROR	System addon update list error SyntaxError: XMLHttpRequest.open: 'http://%(server)s/dummy-system-addons.xml' is not a valid URL.
1720537490988	Marionette	INFO	Stopped listening on port 60816
Dynamically enable window occlusion 1
ng command: "C:\\Program Files\\Mozilla Firefox\\firefox.exe" "--marionette" "--proxy-server=111.119.231.48:38187\r" "us ... 1467" "--remote-allow-hosts" "localhost" "-no-remote" "-profile" "C:\\Users\\ha\\AppData\\Local\\Temp\\rust_mozprofile37iNcZ"
*** You are running in headless mode.
console.warn: services.settings: Ignoring preference override of remote settings server
console.warn: services.settings: Allow by setting MOZ_REMOTE_SETTINGS_DEVTOOLS=1 in the environment
Dynamically enable window occlusion 0
1720537477432	Marionette	INFO	Marionette enabled
console.error: "Warning: unrecognized command line flag" "-proxy-server"
console.error: "Warning: unrecognized command line flag" "-window-size"
console.error: "Warning: unrecognized command line flag" "-no-sandbox"
console.error: "Warning: unrecognized command line flag" "-display"
console.error: "Warning: unrecognized command line flag" "-log-level"
1720537477526	Marionette	INFO	Listening on port 61519
Read port: 61519
WebDriver BiDi listening on ws://127.0.0.1:61467
1720537477582	RemoteAgent	WARN	TLS certificate errors will be ignored for this session
[GFX1-]: RenderCompositorSWGL failed mapping default framebuffer, no dt
console.error: ({})
DevTools listening on ws://127.0.0.1:61467/devtools/browser/7577585b-49db-4e2d-a093-4a6a14ceb564
JavaScript warning: https://snap-api.arkoselabs.com/v2/2.6.1/enforcement.bf6c920f19fb49ce16c82aaef4b83f45.js, line 1: WEBGL_debug_renderer_info is deprecated in Firefox and will be removed. Please use RENDERER.
JavaScript warning: https://accounts.snapchat.com/accounts/static/scripts/signup.js?v=49718419a3cec1c3e590a84de4c4a5254769aae549b8c64fac706757558df7b2master617011, line 2342: WEBGL_debug_renderer_info is deprecated in Firefox and will be removed. Please use RENDERER.
1720537507446	addons.xpi	ERROR	System addon update list error SyntaxError: XMLHttpRequest.open: 'http://%(server)s/dummy-system-addons.xml' is not a valid URL.
Exiting due to channel error.
Exiting due to channel error.
Exiting due to channel error.
Exiting due to channel error.
ofile" "C:\\Users\\ha\\AppData\\Local\\Temp\\rust_mozprofilelWYMOl"
*** You are running in headless mode.
console.warn: services.settings: Ignoring preference override of remote settings server
console.warn: services.settings: Allow by setting MOZ_REMOTE_SETTINGS_DEVTOOLS=1 in the environment
Dynamically enable window occlusion 0
1720537497332	Marionette	INFO	Marionette enabled
console.error: "Warning: unrecognized command line flag" "-proxy-server"
console.error: "Warning: unrecognized command line flag" "-window-size"
console.error: "Warning: unrecognized command line flag" "-no-sandbox"
console.error: "Warning: unrecognized command line flag" "-display"
console.error: "Warning: unrecognized command line flag" "-log-level"
1720537497428	Marionette	INFO	Listening on port 61825
WebDriver BiDi listening on ws://127.0.0.1:61772
Read port: 61825
1720537497609	RemoteAgent	WARN	TLS certificate errors will be ignored for this session
[GFX1-]: RenderCompositorSWGL failed mapping default framebuffer, no dt
console.error: ({})
DevTools listening on ws://127.0.0.1:61772/devtools/browser/c338f189-0506-46d9-8a17-b77287d67d03
JavaScript warning: https://accounts.snapchat.com/accounts/static/scripts/signup.js?v=49718419a3cec1c3e590a84de4c4a5254769aae549b8c64fac706757558df7b2master617011, line 2342: WEBGL_debug_renderer_info is deprecated in Firefox and will be removed. Please use RENDERER.
JavaScript warning: https://snap-api.arkoselabs.com/v2/2.6.1/enforcement.bf6c920f19fb49ce16c82aaef4b83f45.js, line 1: WEBGL_debug_renderer_info is deprecated in Firefox and will be removed. Please use RENDERER.
1720537506708	geckodriver	INFO	Listening on 127.0.0.1:62000
1720537509739	mozrunner::runner	INFO	Running command: "C:\\Program Files\\Mozilla Firefox\\firefox.exe" "--marionette" "--proxy-server=119.8.212.30:30339\r" "user ... 2001" "--remote-allow-hosts" "localhost" "-no-remote" "-profile" "C:\\Users\\ha\\AppData\\Local\\Temp\\rust_mozprofile2duMMo"
*** You are running in headless mode.
console.warn: services.settings: Ignoring preference override of remote settings server
console.warn: services.settings: Allow by setting MOZ_REMOTE_SETTINGS_DEVTOOLS=1 in the environment
Dynamically enable window occlusion 0
1720537510288	Marionette	INFO	Marionette enabled
console.error: "Warning: unrecognized command line flag" "-proxy-server"
console.error: "Warning: unrecognized command line flag" "-window-size"
console.error: "Warning: unrecognized command line flag" "-no-sandbox"
console.error: "Warning: unrecognized command line flag" "-display"
console.error: "Warning: unrecognized command line flag" "-log-level"
1720537510419	Marionette	INFO	Listening on port 62055
WebDriver BiDi listening on ws://127.0.0.1:62001
1720537511741	geckodriver	INFO	Listening on 127.0.0.1:62069
1720537514749	mozrunner::runner	INFO	Running command: "C:\\Program Files\\Mozilla Firefox\\firefox.exe" "--marionette" "--proxy-server=124.243.131.113:33206\r" "u ... 2070" "--remote-allow-hosts" "localhost" "-no-remote" "-profile" "C:\\Users\\ha\\AppData\\Local\\Temp\\rust_mozprofileVmRzcd"
*** You are running in headless mode.
console.warn: services.settings: Ignoring preference override of remote settings server
console.warn: services.settings: Allow by setting MOZ_REMOTE_SETTINGS_DEVTOOLS=1 in the environment
Dynamically enable window occlusion 0
1720537515142	Marionette	INFO	Marionette enabled
console.error: "Warning: unrecognized command line flag" "-proxy-server"
console.error: "Warning: unrecognized command line flag" "-window-size"
console.error: "Warning: unrecognized command line flag" "-no-sandbox"
console.error: "Warning: unrecognized command line flag" "-display"
console.error: "Warning: unrecognized command line flag" "-log-level"
1720537515235	Marionette	INFO	Listening on port 62133
WebDriver BiDi listening on ws://127.0.0.1:62070
Read port: 62133
1720537515418	RemoteAgent	WARN	TLS certificate errors will be ignored for this session
[GFX1-]: RenderCompositorSWGL failed mapping default framebuffer, no dt
console.error: ({})
DevTools listening on ws://127.0.0.1:62070/devtools/browser/10a66c43-b049-40f8-a4e2-adb5baf32ce8
JavaScript warning: https://snap-api.arkoselabs.com/v2/2.6.1/enforcement.bf6c920f19fb49ce16c82aaef4b83f45.js, line 1: WEBGL_debug_renderer_info is deprecated in Firefox and will be removed. Please use RENDERER.
JavaScript warning: https://accounts.snapchat.com/accounts/static/scripts/signup.js?v=49718419a3cec1c3e590a84de4c4a5254769aae549b8c64fac706757558df7b2master617011, line 2342: WEBGL_debug_renderer_info is deprecated in Firefox and will be removed. Please use RENDERER.
1720537545157	addons.xpi	ERROR	System addon update list error SyntaxError: XMLHttpRequest.open: 'http://%(server)s/dummy-system-addons.xml' is not a valid URL.
1720537580763	Marionette	INFO	Stopped listening on port 62133
Dynamically enable window occlusion 1
1720537585176	geckodriver	INFO	Listening on 127.0.0.1:63443
1720537588218	mozrunner::runner	INFO	Running command: "C:\\Program Files\\Mozilla Firefox\\firefox.exe" "--marionette" "--proxy-server=124.243.131.113:30908\r" "u ... 3444" "--remote-allow-hosts" "localhost" "-no-remote" "-profile" "C:\\Users\\ha\\AppData\\Local\\Temp\\rust_mozprofile2IoM9S"
*** You are running in headless mode.
console.warn: services.settings: Ignoring preference override of remote settings server
console.warn: services.settings: Allow by setting MOZ_REMOTE_SETTINGS_DEVTOOLS=1 in the environment
Dynamically enable window occlusion 0
1720537588616	Marionette	INFO	Marionette enabled
console.error: "Warning: unrecognized command line flag" "-proxy-server"
console.error: "Warning: unrecognized command line flag" "-window-size"
console.error: "Warning: unrecognized command line flag" "-no-sandbox"
console.error: "Warning: unrecognized command line flag" "-display"
console.error: "Warning: unrecognized command line flag" "-log-level"
1720537588705	Marionette	INFO	Listening on port 63499
WebDriver BiDi listening on ws://127.0.0.1:63444
Read port: 63499
1720537588863	RemoteAgent	WARN	TLS certificate errors will be ignored for this session
[GFX1-]: RenderCompositorSWGL failed mapping default framebuffer, no dt
console.error: ({})
DevTools listening on ws://127.0.0.1:63444/devtools/browser/3b9a2958-f644-4dca-b52e-49aaf46b9289
JavaScript warning: https://snap-api.arkoselabs.com/v2/2.6.1/enforcement.bf6c920f19fb49ce16c82aaef4b83f45.js, line 1: WEBGL_debug_renderer_info is deprecated in Firefox and will be removed. Please use RENDERER.
1720537596867	geckodriver	INFO	Listening on 127.0.0.1:63638
1720537599898	mozrunner::runner	INFO	Running command: "C:\\Program Files\\Mozilla Firefox\\firefox.exe" "--marionette" "--proxy-server=101.46.141.80:25479\r" "use ... 3639" "--remote-allow-hosts" "localhost" "1720537618647	addons.xpi	ERROR	System addon update list error SyntaxError: XMLHttpRequest.open: 'http://%(server)s/dummy-system-addons.xml' is not a valid URL.
1720537654817	Marionette	INFO	Stopped listening on port 63499
Dynamically enable window occlusion 1
OZ_REMOTE_SETTINGS_DEVTOOLS=1 in the environment
Dynamically enable window occlusion 0
1720537600302	Marionette	INFO	Marionette enabled
console.error: "Warning: unrecognized command line flag" "-proxy-server"
console.error: "Warning: unrecognized command line flag" "-window-size"
console.error: "Warning: unrecognized command line flag" "-no-sandbox"
console.error: "Warning: unrecognized command line flag" "-display"
console.error: "Warning: unrecognized command line flag" "-log-level"
1720537600399	Marionette	INFO	Listening on port 63732
Read port: 63732
WebDriver BiDi listening on ws://127.0.0.1:63639
1720537600464	RemoteAgent	WARN	TLS certificate errors will be ignored for this session
[GFX1-]: RenderCompositorSWGL failed mapping default framebuffer, no dt
console.error: ({})
DevTools listening on ws://127.0.0.1:63639/devtools/browser/92bb8d99-e420-46c7-bb48-39b8e73be697
JavaScript warning: https://snap-api.arkoselabs.com/v2/2.6.1/enforcement.bf6c920f19fb49ce16c82aaef4b83f45.js, line 1: WEBGL_debug_renderer_info is deprecated in Firefox and will be removed. Please use RENDERER.
JavaScript warning: https://accounts.snapchat.com/accounts/static/scripts/signup.js?v=49718419a3cec1c3e590a84de4c4a5254769aae549b8c64fac706757558df7b2master617011, line 2342: WEBGL_debug_renderer_info is deprecated in Firefox and will be removed. Please use RENDERER.
1720537630328	addons.xpi	ERROR	System addon update list error SyntaxError: XMLHttpRequest.open: 'http://%(server)s/dummy-system-addons.xml' is not a valid URL.
1720537662717	Marionette	INFO	Stopped listening on port 63732
Dynamically enable window occlusion 1
1720537672032	geckodriver	INFO	Listening on 127.0.0.1:65470
1720537675081	mozrunner::runner	INFO	Running command: "C:\\Program Files\\Mozilla Firefox\\firefox.exe" "--marionette" "--proxy-server=111.119.231.48:38606\r" "us ... 5471" "--remote-allow-hosts" "localhost" "-no-remote" "-profile" "C:\\Users\\ha\\AppData\\Local\\Temp\\rust_mozprofileOj1GlC"
*** You are running in headless mode.
console.warn: services.settings: Ignoring preference override of remote settings server
console.warn: services.settings: Allow by setting MOZ_REMOTE_SETTINGS_DEVTOOLS=1 in the environment
Dynamically enable window occlusion 0
1720537675495	Marionette	INFO	Marionette enabled
console.error: "Warning: unrecognized command line flag" "-proxy-server"
console.error: "Warning: unrecognized command line flag" "-window-size"
console.error: "Warning: unrecognized command line flag" "-no-sandbox"
console.error: "Warning: unrecognized command line flag" "-display"
console.error: "Warning: unrecognized command line flag" "-log-level"
1720537675598	Marionette	INFO	Listening on port 65523
WebDriver BiDi listening on ws://127.0.0.1:65471
Read port: 65523
1720537675833	RemoteAgent	WARN	TLS certificate errors will be ignored for this session
[GFX1-]: RenderCompositorSWGL failed mapping default framebuffer, no dt
console.error: ({})
DevTools listening on ws://127.0.0.1:65471/devtools/browser/bd613e15-3c76-4e08-a3a8-2afdf4daa115
JavaScript warning: https://snap-api.arkoselabs.com/v2/2.6.1/enforcement.bf6c920f19fb49ce16c82aaef4b83f45.js, line 1: WEBGL_debug_renderer_info is deprecated in Firefox and will be removed. Please use RENDERER.
JavaScript warning: https://accounts.snapchat.com/accounts/static/scripts/signup.js?v=49718419a3cec1c3e590a84de4c4a5254769aae549b8c64fac706757558df7b2master617011, line 2342: WEBGL_debug_renderer_info is deprecated in Firefox and will be removed. Please use RENDERER.
1720537705516	addons.xpi	ERROR	System addon update list error SyntaxError: XMLHttpRequest.open: 'http://%(server)s/dummy-system-addons.xml' is not a valid URL.
Exiting due to channel error.
Exiting due to channel error.
Exiting due to channel error.
-server"
console.error: "Warning: unrecognized command line flag" "-window-size"
console.error: "Warning: unrecognized command line flag" "-no-sandbox"
console.error: "Warning: unrecognized command line flag" "-display"
console.error: "Warning: unrecognized command line flag" "-log-level"
1720537682176	Marionette	INFO	Listening on port 49266
WebDriver BiDi listening on ws://127.0.0.1:49186
Read port: 49266
1720537682625	RemoteAgent	WARN	TLS certificate errors will be ignored for this session
[GFX1-]: RenderCompositorSWGL failed mapping default framebuffer, no dt
console.error: ({})
DevTools listening on ws://127.0.0.1:49186/devtools/browser/4c5e3ca8-40d8-492e-b928-fd5f3cefbb46
JavaScript warning: https://snap-api.arkoselabs.com/v2/2.6.1/enforcement.bf6c920f19fb49ce16c82aaef4b83f45.js, line 1: WEBGL_debug_renderer_info is deprecated in Firefox and will be removed. Please use RENDERER.
JavaScript warning: https://accounts.snapchat.com/accounts/static/scripts/signup.js?v=49718419a3cec1c3e590a84de4c4a5254769aae549b8c64fac706757558df7b2master617011, line 2342: WEBGL_debug_renderer_info is deprecated in Firefox and will be removed. Please use RENDERER.
Exiting due to channel error.
